Unity Editor version:    2021.2.9f1 (921b45a28ab6)
Branch:                  2021.2/staging
Build type:              Release
Batch mode:              YES
System name:             Linux
Distro version:          #109-Ubuntu SMP Wed Jan 12 16:49:16 UTC 2022
Kernel version:          5.4.0-96-generic
Architecture:            x86_64
Available memory:        7855 MB
Using pre-set license
Pro License: NO

(Unity:32994): Gdk-CRITICAL **: 23:01:28.981: gdk_window_get_cursor: assertion 'GDK_IS_WINDOW (window)' failed
Desktop is 1366 x 768 @ 60 Hz
Initialize udev device monitor.

COMMAND LINE ARGUMENTS:
Unity
-adb2
-batchMode
-noUpm
-name
AssetImportWorker0
-projectPath
/home/gabriel/My project
-logFile
Logs/AssetImportWorker0.log
-srvPort
37869
Successfully changed project path to: /home/gabriel/My project
/home/gabriel/My project
[UnityMemory] Configuration Parameters - Can be set up in boot.config
    "memorysetup-bucket-allocator-granularity=16"
    "memorysetup-bucket-allocator-bucket-count=8"
    "memorysetup-bucket-allocator-block-size=33554432"
    "memorysetup-bucket-allocator-block-count=8"
    "memorysetup-main-allocator-block-size=16777216"
    "memorysetup-thread-allocator-block-size=16777216"
    "memorysetup-gfx-main-allocator-block-size=16777216"
    "memorysetup-gfx-thread-allocator-block-size=16777216"
    "memorysetup-cache-allocator-block-size=4194304"
    "memorysetup-typetree-allocator-block-size=2097152"
    "memorysetup-profiler-bucket-allocator-granularity=16"
    "memorysetup-profiler-bucket-allocator-bucket-count=8"
    "memorysetup-profiler-bucket-allocator-block-size=33554432"
    "memorysetup-profiler-bucket-allocator-block-count=8"
    "memorysetup-profiler-allocator-block-size=16777216"
    "memorysetup-profiler-editor-allocator-block-size=1048576"
    "memorysetup-temp-allocator-size-main=16777216"
    "memorysetup-job-temp-allocator-block-size=2097152"
    "memorysetup-job-temp-allocator-block-size-background=1048576"
    "memorysetup-job-temp-allocator-reduction-small-platforms=262144"
    "memorysetup-temp-allocator-size-background-worker=32768"
    "memorysetup-temp-allocator-size-job-worker=262144"
    "memorysetup-temp-allocator-size-preload-manager=33554432"
    "memorysetup-temp-allocator-size-nav-mesh-worker=65536"
    "memorysetup-temp-allocator-size-audio-worker=65536"
    "memorysetup-temp-allocator-size-cloud-worker=32768"
    "memorysetup-temp-allocator-size-gi-baking-worker=262144"
    "memorysetup-temp-allocator-size-gfx=262144"
Refreshing native plugins compatible for Editor in 121,54 ms, found 0 plugins.
Preloading 0 native plugins for Editor in 0,00 ms.
Initialize engine version: 2021.2.9f1 (921b45a28ab6)
[Subsystems] Discovering subsystems at path /home/gabriel/Unity/Hub/Editor/2021.2.9f1/Editor/Data/Resources/UnitySubsystems
[Subsystems] Discovering subsystems at path /home/gabriel/My project/Assets
GLX Extensions: GLX_ARB_create_context GLX_ARB_create_context_no_error GLX_ARB_create_context_profile GLX_ARB_create_context_robustness GLX_ARB_fbconfig_float GLX_ARB_framebuffer_sRGB GLX_ARB_get_proc_address GLX_ARB_multisample GLX_EXT_buffer_age GLX_EXT_create_context_es2_profile GLX_EXT_create_context_es_profile GLX_EXT_fbconfig_packed_float GLX_EXT_framebuffer_sRGB GLX_EXT_import_context GLX_EXT_no_config_context GLX_EXT_swap_control GLX_EXT_swap_control_tear GLX_EXT_texture_from_pixmap GLX_EXT_visual_info GLX_EXT_visual_rating GLX_INTEL_swap_event GLX_MESA_copy_sub_buffer GLX_MESA_query_renderer GLX_MESA_swap_control GLX_OML_swap_method GLX_OML_sync_control GLX_SGIS_multisample GLX_SGIX_fbconfig GLX_SGIX_pbuffer GLX_SGIX_visual_select_group GLX_SGI_make_current_read GLX_SGI_swap_control GLX_SGI_video_sync 
Renderer: Mesa Intel(R) HD Graphics 620 (KBL GT2)
Vendor:   Intel
Version:  4.6 (Core Profile) Mesa 22.0.0-devel (git-3a0888c 2022-01-31 focal-oibaf-ppa)
GLES:     0
 GL_3DFX_texture_compression_FXT1 GL_AMD_conservative_depth GL_AMD_depth_clamp_separate GL_AMD_draw_buffers_blend GL_AMD_gpu_shader_int64 GL_AMD_multi_draw_indirect GL_AMD_performance_monitor GL_AMD_pinned_memory GL_AMD_query_buffer_object GL_AMD_seamless_cubemap_per_texture GL_AMD_shader_stencil_export GL_AMD_shader_trinary_minmax GL_AMD_texture_texture4 GL_AMD_vertex_shader_layer GL_AMD_vertex_shader_viewport_index GL_ANGLE_texture_compression_dxt3 GL_ANGLE_texture_compression_dxt5 GL_ARB_ES2_compatibility GL_ARB_ES3_1_compatibility GL_ARB_ES3_2_compatibility GL_ARB_ES3_compatibility GL_ARB_arrays_of_arrays GL_ARB_base_instance GL_ARB_blend_func_extended GL_ARB_buffer_storage GL_ARB_clear_buffer_object GL_ARB_clear_texture GL_ARB_clip_control GL_ARB_compressed_texture_pixel_storage GL_ARB_compute_shader GL_ARB_compute_variable_group_size GL_ARB_conditional_render_inverted GL_ARB_conservative_depth GL_ARB_copy_buffer GL_ARB_copy_image GL_ARB_cull_distance GL_ARB_debug_output GL_ARB_depth_buffer_float GL_ARB
_depth_clamp GL_ARB_derivative_control GL_ARB_direct_state_access GL_ARB_draw_buffers GL_ARB_draw_buffers_blend GL_ARB_draw_elements_base_vertex GL_ARB_draw_indirect GL_ARB_draw_instanced GL_ARB_enhanced_layouts GL_ARB_explicit_attrib_location GL_ARB_explicit_uniform_location GL_ARB_fragment_coord_conventions GL_ARB_fragment_layer_viewport GL_ARB_fragment_shader GL_ARB_fragment_shader_interlock GL_ARB_framebuffer_no_attachments GL_ARB_framebuffer_object GL_ARB_framebuffer_sRGB GL_ARB_get_program_binary GL_ARB_get_texture_sub_image GL_ARB_gl_spirv GL_ARB_gpu_shader5 GL_ARB_gpu_shader_fp64 GL_ARB_gpu_shader_int64 GL_ARB_half_float_pixel GL_ARB_half_float_vertex GL_ARB_indirect_parameters GL_ARB_instanced_arrays GL_ARB_internalformat_query GL_ARB_internalformat_query2 GL_ARB_invalidate_subdata GL_ARB_map_buffer_alignment GL_ARB_map_buffer_range GL_ARB_multi_bind GL_ARB_multi_draw_indirect GL_ARB_occlusion_query2 GL_ARB_parallel_shader_compile GL_ARB_pipeline_statistics_query GL_ARB_pixel_buffer_object GL_ARB_po
int_sprite GL_ARB_polygon_offset_clamp GL_ARB_post_depth_coverage GL_ARB_program_interface_query GL_ARB_provoking_vertex GL_ARB_query_buffer_object GL_ARB_robust_buffer_access_behavior GL_ARB_robustness GL_ARB_sample_shading GL_ARB_sampler_objects GL_ARB_seamless_cube_map GL_ARB_seamless_cubemap_per_texture GL_ARB_separate_shader_objects GL_ARB_shader_atomic_counter_ops GL_ARB_shader_atomic_counters GL_ARB_shader_ballot GL_ARB_shader_bit_encoding GL_ARB_shader_clock GL_ARB_shader_draw_parameters GL_ARB_shader_group_vote GL_ARB_shader_image_load_store GL_ARB_shader_image_size GL_ARB_shader_objects GL_ARB_shader_precision GL_ARB_shader_stencil_export GL_ARB_shader_storage_buffer_object GL_ARB_shader_subroutine GL_ARB_shader_texture_image_samples GL_ARB_shader_texture_lod GL_ARB_shader_viewport_layer_array GL_ARB_shading_language_420pack GL_ARB_shading_language_include GL_ARB_shading_language_packing GL_ARB_spirv_extensions GL_ARB_stencil_texturing GL_ARB_sync GL_ARB_tessellation_shader GL_ARB_texture_barrier G
L_ARB_texture_buffer_object GL_ARB_texture_buffer_object_rgb32 GL_ARB_texture_buffer_range GL_ARB_texture_compression_bptc GL_ARB_texture_compression_rgtc GL_ARB_texture_cube_map_array GL_ARB_texture_filter_anisotropic GL_ARB_texture_float GL_ARB_texture_gather GL_ARB_texture_mirror_clamp_to_edge GL_ARB_texture_multisample GL_ARB_texture_non_power_of_two GL_ARB_texture_query_levels GL_ARB_texture_query_lod GL_ARB_texture_rectangle GL_ARB_texture_rg GL_ARB_texture_rgb10_a2ui GL_ARB_texture_stencil8 GL_ARB_texture_storage GL_ARB_texture_storage_multisample GL_ARB_texture_swizzle GL_ARB_texture_view GL_ARB_timer_query GL_ARB_transform_feedback2 GL_ARB_transform_feedback3 GL_ARB_transform_feedback_instanced GL_ARB_transform_feedback_overflow_query GL_ARB_uniform_buffer_object GL_ARB_vertex_array_bgra GL_ARB_vertex_array_object GL_ARB_vertex_attrib_64bit GL_ARB_vertex_attrib_binding GL_ARB_vertex_buffer_object GL_ARB_vertex_shader GL_ARB_vertex_type_10f_11f_11f_rev GL_ARB_vertex_type_2_10_10_10_rev GL_ARB_viewpor
t_array GL_ATI_blend_equation_separate GL_ATI_texture_float GL_EXT_EGL_image_storage GL_EXT_EGL_sync GL_EXT_abgr GL_EXT_blend_equation_separate GL_EXT_demote_to_helper_invocation GL_EXT_draw_buffers2 GL_EXT_draw_instanced GL_EXT_framebuffer_blit GL_EXT_framebuffer_multisample GL_EXT_framebuffer_multisample_blit_scaled GL_EXT_framebuffer_object GL_EXT_framebuffer_sRGB GL_EXT_memory_object GL_EXT_memory_object_fd GL_EXT_packed_depth_stencil GL_EXT_packed_float GL_EXT_pixel_buffer_object GL_EXT_polygon_offset_clamp GL_EXT_provoking_vertex GL_EXT_semaphore GL_EXT_semaphore_fd GL_EXT_shader_framebuffer_fetch GL_EXT_shader_framebuffer_fetch_non_coherent GL_EXT_shader_integer_mix GL_EXT_shader_samples_identical GL_EXT_texture_array GL_EXT_texture_compression_dxt1 GL_EXT_texture_compression_rgtc GL_EXT_texture_compression_s3tc GL_EXT_texture_filter_anisotropic GL_EXT_texture_integer GL_EXT_texture_sRGB GL_EXT_texture_sRGB_R8 GL_EXT_texture_sRGB_decode GL_EXT_texture_shadow_lod GL_EXT_texture_shared_exponent GL_EXT_t
exture_snorm GL_EXT_texture_swizzle GL_EXT_timer_query GL_EXT_transform_feedback GL_EXT_vertex_array_bgra GL_EXT_vertex_attrib_64bit GL_IBM_multimode_draw_arrays GL_INTEL_blackhole_render GL_INTEL_conservative_rasterization GL_INTEL_performance_query GL_INTEL_shader_atomic_float_minmax GL_INTEL_shader_integer_functions2 GL_KHR_blend_equation_advanced GL_KHR_blend_equation_advanced_coherent GL_KHR_context_flush_control GL_KHR_debug GL_KHR_no_error GL_KHR_parallel_shader_compile GL_KHR_robust_buffer_access_behavior GL_KHR_robustness GL_KHR_texture_compression_astc_ldr GL_KHR_texture_compression_astc_sliced_3d GL_MESA_framebuffer_flip_y GL_MESA_pack_invert GL_MESA_shader_integer_functions GL_MESA_texture_signed_rgba GL_NV_compute_shader_derivatives GL_NV_conditional_render GL_NV_copy_image GL_NV_depth_clamp GL_NV_fragment_shader_interlock GL_NV_packed_depth_stencil GL_NV_texture_barrier GL_OES_EGL_image GL_S3_s3tc
OPENGL LOG: Creating OpenGL 4.6 graphics device ; Context level  <OpenGL 4.5> ; Context handle -428125584
Initialize mono
Mono path[0] = '/home/gabriel/Unity/Hub/Editor/2021.2.9f1/Editor/Data/Managed'
Mono path[1] = '/home/gabriel/Unity/Hub/Editor/2021.2.9f1/Editor/Data/MonoBleedingEdge/lib/mono/unityjit-linux'
Mono config path = '/home/gabriel/Unity/Hub/Editor/2021.2.9f1/Editor/Data/MonoBleedingEdge/etc'
Using monoOptions --debugger-agent=transport=dt_socket,embedding=1,server=y,suspend=n,address=127.0.0.1:56994
Begin MonoManager ReloadAssembly
Registering precompiled unity dll's ...
Register platform support module: /home/gabriel/Unity/Hub/Editor/2021.2.9f1/Editor/Data/PlaybackEngines/LinuxStandaloneSupport/UnityEditor.LinuxStandalone.Extensions.dll
Registered in 0,007874 seconds.
Native extension for LinuxStandalone target not found
Refreshing native plugins compatible for Editor in 113,53 ms, found 0 plugins.
Preloading 0 native plugins for Editor in 0,00 ms.
Mono: successfully reloaded assembly
- Completed reload, in  0,829 seconds
Domain Reload Profiling:
	ReloadAssembly (830ms)
		BeginReloadAssembly (67ms)
			ExecutionOrderSort (0ms)
			DisableScriptedObjects (0ms)
			BackupInstance (0ms)
			ReleaseScriptingObjects (0ms)
			CreateAndSetChildDomain (1ms)
		EndReloadAssembly (657ms)
			LoadAssemblies (65ms)
			RebuildTransferFunctionScriptingTraits (0ms)
			SetupTypeCache (149ms)
			ReleaseScriptCaches (0ms)
			RebuildScriptCaches (48ms)
			SetupLoadedEditorAssemblies (372ms)
				LogAssemblyErrors (0ms)
				InitializePlatformSupportModulesInManaged (17ms)
				SetLoadedEditorAssemblies (0ms)
				RefreshPlugins (114ms)
				BeforeProcessingInitializeOnLoad (1ms)
				ProcessInitializeOnLoadAttributes (185ms)
				ProcessInitializeOnLoadMethodAttributes (55ms)
				AfterProcessingInitializeOnLoad (0ms)
				EditorAssembliesLoaded (0ms)
			ExecutionOrderSort2 (0ms)
			AwakeInstancesAfterBackupRestoration (0ms)
Platform modules already initialized, skipping
Registering precompiled user dll's ...
Registered in 0,006630 seconds.
Begin MonoManager ReloadAssembly
Symbol file LoadedFromMemory doesn't match image /home/gabriel/My project/Library/PackageCache/com.unity.visualscripting@1.7.6/Editor/VisualScripting.Core/Dependencies/YamlDotNet/Unity.VisualScripting.YamlDotNet.dll
Symbol file LoadedFromMemory doesn't match image /home/gabriel/My project/Library/PackageCache/com.unity.visualscripting@1.7.6/Editor/VisualScripting.Core/Dependencies/DotNetZip/Unity.VisualScripting.IonicZip.dll
Native extension for LinuxStandalone target not found
Refreshing native plugins compatible for Editor in 0,70 ms, found 0 plugins.
Preloading 0 native plugins for Editor in 0,00 ms.
Package Manager log level set to [2]
Mono: successfully reloaded assembly
- Completed reload, in  1,332 seconds
Domain Reload Profiling:
	ReloadAssembly (1333ms)
		BeginReloadAssembly (132ms)
			ExecutionOrderSort (0ms)
			DisableScriptedObjects (8ms)
			BackupInstance (0ms)
			ReleaseScriptingObjects (0ms)
			CreateAndSetChildDomain (29ms)
		EndReloadAssembly (1068ms)
			LoadAssemblies (82ms)
			RebuildTransferFunctionScriptingTraits (0ms)
			SetupTypeCache (339ms)
			ReleaseScriptCaches (1ms)
			RebuildScriptCaches (71ms)
			SetupLoadedEditorAssemblies (508ms)
				LogAssemblyErrors (0ms)
				InitializePlatformSupportModulesInManaged (13ms)
				SetLoadedEditorAssemblies (1ms)
				RefreshPlugins (1ms)
				BeforeProcessingInitializeOnLoad (116ms)
				ProcessInitializeOnLoadAttributes (326ms)
				ProcessInitializeOnLoadMethodAttributes (40ms)
				AfterProcessingInitializeOnLoad (11ms)
				EditorAssembliesLoaded (1ms)
			ExecutionOrderSort2 (0ms)
			AwakeInstancesAfterBackupRestoration (8ms)
Platform modules already initialized, skipping
========================================================================
Worker process is ready to serve import requests
Launched and connected shader compiler UnityShaderCompiler after 0.05 seconds
Refreshing native plugins compatible for Editor in 0,62 ms, found 0 plugins.
Preloading 0 native plugins for Editor in 0,00 ms.
Unloading 3591 Unused Serialized files (Serialized files now loaded: 0)
Unloading 27 unused Assets / (68,4 KB). Loaded Objects now: 4069.
Memory consumption went from 137,5 MB to 137,5 MB.
Total: 6,102217 ms (FindLiveObjects: 0,432991 ms CreateObjectMapping: 0,432654 ms MarkObjects: 4,877765 ms  DeleteObjects: 0,356010 ms)

AssetImportParameters requested are different than current active one (requested -> active):
  custom:video-decoder-ogg-theora: a1e56fd34408186e4bbccfd4996cb3dc -> 
  custom:container-muxer-webm: aa71ff27fc2769a1b78a27578f13a17b -> 
  custom:container-demuxer-webm: 4f35f7cbe854078d1ac9338744f61a02 -> 
  custom:video-encoder-webm-vp8: eb34c28f22e8b96e1ab97ce403110664 -> 
  custom:audio-encoder-webm-vorbis: bf7c407c2cedff20999df2af8eb42d56 -> 
  custom:container-demuxer-ogg: 62fdf1f143b41e24485cea50d1cbac27 -> 
  custom:video-decoder-webm-vp8: 9c59270c3fd7afecdb556c50c9e8de78 -> 
  custom:audio-decoder-ogg-vorbis: bf7c407c2cedff20999df2af8eb42d56 -> 
========================================================================
Received Import Request.
  Time since last request: 28412,800816 seconds.
  path: Assets/Low Poly Rafale Jet
  artifactKey: Guid(164bded4c38533bca85b7805114b24e0) Importer(815301076,1909f56bfc062723c751e8b465ee728b)
Start importing Assets/Low Poly Rafale Jet using Guid(164bded4c38533bca85b7805114b24e0) Importer(815301076,1909f56bfc062723c751e8b465ee728b)  -> (artifact id: 'b2eb017a19ca8399db927c040c2597c3') in 0,005881 seconds 
========================================================================
Received Import Request.
  Time since last request: 22,008770 seconds.
  path: Assets/Low Poly Rafale Jet/Prefabs
  artifactKey: Guid(7008ae7acbae71345a42a816f3741b91) Importer(815301076,1909f56bfc062723c751e8b465ee728b)
Start importing Assets/Low Poly Rafale Jet/Prefabs using Guid(7008ae7acbae71345a42a816f3741b91) Importer(815301076,1909f56bfc062723c751e8b465ee728b)  -> (artifact id: '07107e352b826bac5e094c3c43abeaf5') in 0,001345 seconds 
========================================================================
Received Import Request.
  Time since last request: 1,642708 seconds.
  path: Assets/Low Poly Rafale Jet/Prefabs/Rafale.prefab
  artifactKey: Guid(05868fab2d415b84abdc41e4d376b804) Importer(815301076,1909f56bfc062723c751e8b465ee728b)
Start importing Assets/Low Poly Rafale Jet/Prefabs/Rafale.prefab using Guid(05868fab2d415b84abdc41e4d376b804) Importer(815301076,1909f56bfc062723c751e8b465ee728b)  -> (artifact id: '7c7dd003b23c2a86a6071794f6eef268') in 0,139052 seconds 
========================================================================
Received Prepare
Refreshing native plugins compatible for Editor in 5,46 ms, found 0 plugins.
Preloading 0 native plugins for Editor in 0,00 ms.
Unloading 20 Unused Serialized files (Serialized files now loaded: 0)
Unloading 19 unused Assets / (57,6 KB). Loaded Objects now: 4077.
Memory consumption went from 67,7 MB to 67,6 MB.
Total: 23,949750 ms (FindLiveObjects: 0,451183 ms CreateObjectMapping: 0,473086 ms MarkObjects: 22,886579 ms  DeleteObjects: 0,136908 ms)

AssetImportParameters requested are different than current active one (requested -> active):
  custom:video-decoder-ogg-theora: a1e56fd34408186e4bbccfd4996cb3dc -> 
  custom:container-muxer-webm: aa71ff27fc2769a1b78a27578f13a17b -> 
  custom:container-demuxer-webm: 4f35f7cbe854078d1ac9338744f61a02 -> 
  custom:video-encoder-webm-vp8: eb34c28f22e8b96e1ab97ce403110664 -> 
  custom:audio-encoder-webm-vorbis: bf7c407c2cedff20999df2af8eb42d56 -> 
  custom:container-demuxer-ogg: 62fdf1f143b41e24485cea50d1cbac27 -> 
  custom:video-decoder-webm-vp8: 9c59270c3fd7afecdb556c50c9e8de78 -> 
  custom:audio-decoder-ogg-vorbis: bf7c407c2cedff20999df2af8eb42d56 -> 
========================================================================
Received Import Request.
  Time since last request: 273,448109 seconds.
  path: Assets/Low Poly Rafale Jet/Prefabs/Rafale.prefab
  artifactKey: Guid(05868fab2d415b84abdc41e4d376b804) Importer(815301076,1909f56bfc062723c751e8b465ee728b)
Start importing Assets/Low Poly Rafale Jet/Prefabs/Rafale.prefab using Guid(05868fab2d415b84abdc41e4d376b804) Importer(815301076,1909f56bfc062723c751e8b465ee728b)  -> (artifact id: 'cee1591216ef93bf1127a773cf7ca191') in 0,022420 seconds 
========================================================================
Received Import Request.
  Time since last request: 0,975661 seconds.
  path: Assets/Low Poly Rafale Jet/Prefabs/Rafale.prefab
  artifactKey: Guid(05868fab2d415b84abdc41e4d376b804) Importer(815301076,1909f56bfc062723c751e8b465ee728b)
Start importing Assets/Low Poly Rafale Jet/Prefabs/Rafale.prefab using Guid(05868fab2d415b84abdc41e4d376b804) Importer(815301076,1909f56bfc062723c751e8b465ee728b)  -> (artifact id: '2213c24325f25cdeb5fe8edc4c803b94') in 0,020693 seconds 
========================================================================
Received Import Request.
  Time since last request: 1,834127 seconds.
  path: Assets/Low Poly Rafale Jet/Prefabs/Rafale.prefab
  artifactKey: Guid(05868fab2d415b84abdc41e4d376b804) Importer(815301076,1909f56bfc062723c751e8b465ee728b)
Start importing Assets/Low Poly Rafale Jet/Prefabs/Rafale.prefab using Guid(05868fab2d415b84abdc41e4d376b804) Importer(815301076,1909f56bfc062723c751e8b465ee728b)  -> (artifact id: 'b693b1fbd402488ef964942106e089ce') in 0,021868 seconds 
========================================================================
Received Prepare
Refreshing native plugins compatible for Editor in 3,72 ms, found 0 plugins.
Preloading 0 native plugins for Editor in 0,00 ms.
Unloading 19 Unused Serialized files (Serialized files now loaded: 0)
Unloading 19 unused Assets / (57,6 KB). Loaded Objects now: 4077.
Memory consumption went from 67,6 MB to 67,6 MB.
Total: 4,764431 ms (FindLiveObjects: 0,343845 ms CreateObjectMapping: 0,285933 ms MarkObjects: 3,991110 ms  DeleteObjects: 0,140969 ms)

AssetImportParameters requested are different than current active one (requested -> active):
  custom:video-decoder-ogg-theora: a1e56fd34408186e4bbccfd4996cb3dc -> 
  custom:container-muxer-webm: aa71ff27fc2769a1b78a27578f13a17b -> 
  custom:container-demuxer-webm: 4f35f7cbe854078d1ac9338744f61a02 -> 
  custom:video-encoder-webm-vp8: eb34c28f22e8b96e1ab97ce403110664 -> 
  custom:audio-encoder-webm-vorbis: bf7c407c2cedff20999df2af8eb42d56 -> 
  custom:container-demuxer-ogg: 62fdf1f143b41e24485cea50d1cbac27 -> 
  custom:video-decoder-webm-vp8: 9c59270c3fd7afecdb556c50c9e8de78 -> 
  custom:audio-decoder-ogg-vorbis: bf7c407c2cedff20999df2af8eb42d56 -> 
========================================================================
Received Import Request.
  Time since last request: 239,524608 seconds.
  path: Assets/Low Poly Rafale Jet/Prefabs/Rafale.prefab
  artifactKey: Guid(05868fab2d415b84abdc41e4d376b804) Importer(815301076,1909f56bfc062723c751e8b465ee728b)
Start importing Assets/Low Poly Rafale Jet/Prefabs/Rafale.prefab using Guid(05868fab2d415b84abdc41e4d376b804) Importer(815301076,1909f56bfc062723c751e8b465ee728b)  -> (artifact id: 'ccb8e685d42cefc27dfa281a949d098a') in 0,023814 seconds 
========================================================================
Received Import Request.
  Time since last request: 1,205691 seconds.
  path: Assets/Low Poly Rafale Jet/Prefabs/Rafale.prefab
  artifactKey: Guid(05868fab2d415b84abdc41e4d376b804) Importer(815301076,1909f56bfc062723c751e8b465ee728b)
Start importing Assets/Low Poly Rafale Jet/Prefabs/Rafale.prefab using Guid(05868fab2d415b84abdc41e4d376b804) Importer(815301076,1909f56bfc062723c751e8b465ee728b)  -> (artifact id: 'd49db01a5a0287f822b02b15777829de') in 0,018440 seconds 
========================================================================
Received Import Request.
  Time since last request: 3,700403 seconds.
  path: Assets/Low Poly Rafale Jet/Prefabs/Rafale.prefab
  artifactKey: Guid(05868fab2d415b84abdc41e4d376b804) Importer(815301076,1909f56bfc062723c751e8b465ee728b)
Start importing Assets/Low Poly Rafale Jet/Prefabs/Rafale.prefab using Guid(05868fab2d415b84abdc41e4d376b804) Importer(815301076,1909f56bfc062723c751e8b465ee728b)  -> (artifact id: 'b2edcadf959af5da199ce91527a0c92b') in 0,023523 seconds 
========================================================================
Received Import Request.
  Time since last request: 5,502939 seconds.
  path: Assets/Low Poly Rafale Jet/Prefabs/Rafale.prefab
  artifactKey: Guid(05868fab2d415b84abdc41e4d376b804) Importer(815301076,1909f56bfc062723c751e8b465ee728b)
Start importing Assets/Low Poly Rafale Jet/Prefabs/Rafale.prefab using Guid(05868fab2d415b84abdc41e4d376b804) Importer(815301076,1909f56bfc062723c751e8b465ee728b)  -> (artifact id: 'eea77c25b8364624a2d557d864d13a6f') in 0,020120 seconds 
========================================================================
Received Import Request.
  Time since last request: 24,179210 seconds.
  path: Assets/Low Poly Rafale Jet/Prefabs/Rafale.prefab
  artifactKey: Guid(05868fab2d415b84abdc41e4d376b804) Importer(815301076,1909f56bfc062723c751e8b465ee728b)
Start importing Assets/Low Poly Rafale Jet/Prefabs/Rafale.prefab using Guid(05868fab2d415b84abdc41e4d376b804) Importer(815301076,1909f56bfc062723c751e8b465ee728b)  -> (artifact id: 'b4c40e28eedda455890f9de05e4ad619') in 0,023530 seconds 
========================================================================
Received Prepare
Refreshing native plugins compatible for Editor in 3,32 ms, found 0 plugins.
Preloading 0 native plugins for Editor in 0,00 ms.
Unloading 19 Unused Serialized files (Serialized files now loaded: 0)
Unloading 19 unused Assets / (57,6 KB). Loaded Objects now: 4077.
Memory consumption went from 67,7 MB to 67,6 MB.
Total: 5,148273 ms (FindLiveObjects: 0,372902 ms CreateObjectMapping: 0,315635 ms MarkObjects: 4,331469 ms  DeleteObjects: 0,125856 ms)

AssetImportParameters requested are different than current active one (requested -> active):
  custom:video-decoder-ogg-theora: a1e56fd34408186e4bbccfd4996cb3dc -> 
  custom:container-muxer-webm: aa71ff27fc2769a1b78a27578f13a17b -> 
  custom:container-demuxer-webm: 4f35f7cbe854078d1ac9338744f61a02 -> 
  custom:video-encoder-webm-vp8: eb34c28f22e8b96e1ab97ce403110664 -> 
  custom:audio-encoder-webm-vorbis: bf7c407c2cedff20999df2af8eb42d56 -> 
  custom:container-demuxer-ogg: 62fdf1f143b41e24485cea50d1cbac27 -> 
  custom:video-decoder-webm-vp8: 9c59270c3fd7afecdb556c50c9e8de78 -> 
  custom:audio-decoder-ogg-vorbis: bf7c407c2cedff20999df2af8eb42d56 -> 
========================================================================
Received Import Request.
  Time since last request: 88,844264 seconds.
  path: Assets/Low Poly Rafale Jet/Prefabs/Rafale.prefab
  artifactKey: Guid(05868fab2d415b84abdc41e4d376b804) Importer(815301076,1909f56bfc062723c751e8b465ee728b)
Start importing Assets/Low Poly Rafale Jet/Prefabs/Rafale.prefab using Guid(05868fab2d415b84abdc41e4d376b804) Importer(815301076,1909f56bfc062723c751e8b465ee728b)  -> (artifact id: 'd361f8bb5e44b70208136995235d99d5') in 0,027104 seconds 
========================================================================
Received Import Request.
  Time since last request: 30,104924 seconds.
  path: Assets/Prefabs/ARPlane.prefab
  artifactKey: Guid(8f5c4904299412931b3683380edbd543) Importer(815301076,1909f56bfc062723c751e8b465ee728b)
Start importing Assets/Prefabs/ARPlane.prefab using Guid(8f5c4904299412931b3683380edbd543) Importer(815301076,1909f56bfc062723c751e8b465ee728b)  -> (artifact id: 'fbfc4a939d379e70b774566700365fa9') in 0,010796 seconds 
========================================================================
Received Import Request.
  Time since last request: 3,606620 seconds.
  path: Assets/Prefabs/ARPlane.prefab
  artifactKey: Guid(8f5c4904299412931b3683380edbd543) Importer(815301076,1909f56bfc062723c751e8b465ee728b)
Start importing Assets/Prefabs/ARPlane.prefab using Guid(8f5c4904299412931b3683380edbd543) Importer(815301076,1909f56bfc062723c751e8b465ee728b)  -> (artifact id: 'a72c78b112c66d024af369ead76fb76f') in 0,010518 seconds 
========================================================================
Received Prepare
Refreshing native plugins compatible for Editor in 3,21 ms, found 0 plugins.
Preloading 0 native plugins for Editor in 0,00 ms.
Unloading 19 Unused Serialized files (Serialized files now loaded: 0)
Unloading 20 unused Assets / (58,2 KB). Loaded Objects now: 4077.
Memory consumption went from 67,7 MB to 67,7 MB.
Total: 4,453165 ms (FindLiveObjects: 0,323030 ms CreateObjectMapping: 0,241946 ms MarkObjects: 3,783867 ms  DeleteObjects: 0,102727 ms)

AssetImportParameters requested are different than current active one (requested -> active):
  custom:video-decoder-ogg-theora: a1e56fd34408186e4bbccfd4996cb3dc -> 
  custom:container-muxer-webm: aa71ff27fc2769a1b78a27578f13a17b -> 
  custom:container-demuxer-webm: 4f35f7cbe854078d1ac9338744f61a02 -> 
  custom:video-encoder-webm-vp8: eb34c28f22e8b96e1ab97ce403110664 -> 
  custom:audio-encoder-webm-vorbis: bf7c407c2cedff20999df2af8eb42d56 -> 
  custom:container-demuxer-ogg: 62fdf1f143b41e24485cea50d1cbac27 -> 
  custom:video-decoder-webm-vp8: 9c59270c3fd7afecdb556c50c9e8de78 -> 
  custom:audio-decoder-ogg-vorbis: bf7c407c2cedff20999df2af8eb42d56 -> 
========================================================================
Received Import Request.
  Time since last request: 104,446532 seconds.
  path: Assets/Prefabs/ARPlane.prefab
  artifactKey: Guid(8f5c4904299412931b3683380edbd543) Importer(815301076,1909f56bfc062723c751e8b465ee728b)
Start importing Assets/Prefabs/ARPlane.prefab using Guid(8f5c4904299412931b3683380edbd543) Importer(815301076,1909f56bfc062723c751e8b465ee728b)  -> (artifact id: '35e0fe08788fd6cab41ea4788127caa5') in 0,010636 seconds 
========================================================================
Received Prepare
Refreshing native plugins compatible for Editor in 3,15 ms, found 0 plugins.
Preloading 0 native plugins for Editor in 0,00 ms.
Unloading 19 Unused Serialized files (Serialized files now loaded: 0)
Unloading 20 unused Assets / (58,3 KB). Loaded Objects now: 4077.
Memory consumption went from 67,7 MB to 67,7 MB.
Total: 4,210743 ms (FindLiveObjects: 0,312012 ms CreateObjectMapping: 0,252548 ms MarkObjects: 3,554991 ms  DeleteObjects: 0,090054 ms)

AssetImportParameters requested are different than current active one (requested -> active):
  custom:video-decoder-ogg-theora: a1e56fd34408186e4bbccfd4996cb3dc -> 
  custom:container-muxer-webm: aa71ff27fc2769a1b78a27578f13a17b -> 
  custom:container-demuxer-webm: 4f35f7cbe854078d1ac9338744f61a02 -> 
  custom:video-encoder-webm-vp8: eb34c28f22e8b96e1ab97ce403110664 -> 
  custom:audio-encoder-webm-vorbis: bf7c407c2cedff20999df2af8eb42d56 -> 
  custom:container-demuxer-ogg: 62fdf1f143b41e24485cea50d1cbac27 -> 
  custom:video-decoder-webm-vp8: 9c59270c3fd7afecdb556c50c9e8de78 -> 
  custom:audio-decoder-ogg-vorbis: bf7c407c2cedff20999df2af8eb42d56 -> 
========================================================================
Received Import Request.
  Time since last request: 139,558978 seconds.
  path: Assets/Prefabs/ARPlane.prefab
  artifactKey: Guid(8f5c4904299412931b3683380edbd543) Importer(815301076,1909f56bfc062723c751e8b465ee728b)
Start importing Assets/Prefabs/ARPlane.prefab using Guid(8f5c4904299412931b3683380edbd543) Importer(815301076,1909f56bfc062723c751e8b465ee728b)  -> (artifact id: '8540dd63cd8ef1493827b0731fd5819a') in 0,012464 seconds 
========================================================================
Received Import Request.
  Time since last request: 5,846907 seconds.
  path: Assets/Prefabs/ARPlane.prefab
  artifactKey: Guid(8f5c4904299412931b3683380edbd543) Importer(815301076,1909f56bfc062723c751e8b465ee728b)
Start importing Assets/Prefabs/ARPlane.prefab using Guid(8f5c4904299412931b3683380edbd543) Importer(815301076,1909f56bfc062723c751e8b465ee728b)  -> (artifact id: '2b393473de539dc227c8810084134c08') in 0,007996 seconds 
========================================================================
Received Import Request.
  Time since last request: 4,016208 seconds.
  path: Assets/Prefabs/ARPlane.prefab
  artifactKey: Guid(8f5c4904299412931b3683380edbd543) Importer(815301076,1909f56bfc062723c751e8b465ee728b)
Start importing Assets/Prefabs/ARPlane.prefab using Guid(8f5c4904299412931b3683380edbd543) Importer(815301076,1909f56bfc062723c751e8b465ee728b)  -> (artifact id: '83e6abd8e5197d57fdf7b62dbfca3e70') in 0,010679 seconds 
========================================================================
Received Import Request.
  Time since last request: 3,584879 seconds.
  path: Assets/Prefabs/ARPlane.prefab
  artifactKey: Guid(8f5c4904299412931b3683380edbd543) Importer(815301076,1909f56bfc062723c751e8b465ee728b)
Start importing Assets/Prefabs/ARPlane.prefab using Guid(8f5c4904299412931b3683380edbd543) Importer(815301076,1909f56bfc062723c751e8b465ee728b)  -> (artifact id: 'd4fe14499cb576eb24484b281ca86365') in 0,009829 seconds 
========================================================================
Received Import Request.
  Time since last request: 1,486324 seconds.
  path: Assets/Prefabs/ARPlane.prefab
  artifactKey: Guid(8f5c4904299412931b3683380edbd543) Importer(815301076,1909f56bfc062723c751e8b465ee728b)
Start importing Assets/Prefabs/ARPlane.prefab using Guid(8f5c4904299412931b3683380edbd543) Importer(815301076,1909f56bfc062723c751e8b465ee728b)  -> (artifact id: 'e42d4916db5098caef8bc338b36c1b0c') in 0,007449 seconds 
========================================================================
Received Import Request.
  Time since last request: 11,291249 seconds.
  path: Assets/Prefabs/ARPlane.prefab
  artifactKey: Guid(8f5c4904299412931b3683380edbd543) Importer(815301076,1909f56bfc062723c751e8b465ee728b)
Start importing Assets/Prefabs/ARPlane.prefab using Guid(8f5c4904299412931b3683380edbd543) Importer(815301076,1909f56bfc062723c751e8b465ee728b)  -> (artifact id: 'aa8069ad3e3418ca76f47701ed6c08d7') in 0,011554 seconds 
========================================================================
Received Prepare
Refreshing native plugins compatible for Editor in 3,35 ms, found 0 plugins.
Preloading 0 native plugins for Editor in 0,00 ms.
Unloading 19 Unused Serialized files (Serialized files now loaded: 0)
Unloading 20 unused Assets / (58,3 KB). Loaded Objects now: 4077.
Memory consumption went from 67,8 MB to 67,8 MB.
Total: 4,691560 ms (FindLiveObjects: 0,332588 ms CreateObjectMapping: 0,294309 ms MarkObjects: 3,941132 ms  DeleteObjects: 0,121729 ms)

AssetImportParameters requested are different than current active one (requested -> active):
  custom:video-decoder-ogg-theora: a1e56fd34408186e4bbccfd4996cb3dc -> 
  custom:container-muxer-webm: aa71ff27fc2769a1b78a27578f13a17b -> 
  custom:container-demuxer-webm: 4f35f7cbe854078d1ac9338744f61a02 -> 
  custom:video-encoder-webm-vp8: eb34c28f22e8b96e1ab97ce403110664 -> 
  custom:audio-encoder-webm-vorbis: bf7c407c2cedff20999df2af8eb42d56 -> 
  custom:container-demuxer-ogg: 62fdf1f143b41e24485cea50d1cbac27 -> 
  custom:video-decoder-webm-vp8: 9c59270c3fd7afecdb556c50c9e8de78 -> 
  custom:audio-decoder-ogg-vorbis: bf7c407c2cedff20999df2af8eb42d56 -> 
